2021-07-04 00:07:10 INFO  BasePage :34 - Launching Chrome Browser 
2021-07-04 00:07:898 INFO  BasePage :34 - Launching Chrome Browser 
2021-07-04 00:07:742 INFO  BasePage :34 - Launching Chrome Browser 
2021-07-04 00:07:913 INFO  BasePage :34 - Launching Chrome Browser 
2021-07-04 00:07:160 INFO  BasePage :34 - Launching Chrome Browser 
2021-07-04 00:07:356 INFO  BasePage :34 - Launching Chrome Browser 
2021-07-04 00:07:984 INFO  Homepage :23 - Mouse hover on buy + sell[[ChromeDriver: chrome on WINDOWS (4efbb802d7e2a9a805bf206941267c89)] -> xpath: //a[contains( text() , 'buy + sell')]]
2021-07-04 00:07:206 INFO  Homepage :27 - CLicking on Search Cars[[ChromeDriver: chrome on WINDOWS (4efbb802d7e2a9a805bf206941267c89)] -> xpath: //a[contains( text() , 'Search Cars')]]
2021-07-04 00:07:999 INFO  Homepage :31 - Verify Search Page Text[[ChromeDriver: chrome on WINDOWS (4efbb802d7e2a9a805bf206941267c89)] -> xpath: //h1[contains( text() , 'New & Used Car Search - carsguide')]]
2021-07-04 20:07:379 INFO  BasePage :34 - Launching Chrome Browser 
2021-07-04 20:07:834 INFO  Homepage :23 - Mouse hover on buy + sell[[ChromeDriver: chrome on WINDOWS (d356c602d402a303f350fdd1aefb16eb)] -> xpath: //a[contains( text() , 'buy + sell')]]
2021-07-04 20:07:206 INFO  Homepage :27 - CLicking on Search Cars[[ChromeDriver: chrome on WINDOWS (d356c602d402a303f350fdd1aefb16eb)] -> xpath: //a[contains( text() , 'Search Cars')]]
2021-07-04 20:07:933 INFO  Homepage :31 - Verify Search Page Text[[ChromeDriver: chrome on WINDOWS (d356c602d402a303f350fdd1aefb16eb)] -> xpath: //h1[contains( text() , 'New & Used Car Search - carsguide')]]
2021-07-04 20:07:64 INFO  SearchPage :33 - Selecting Car Make[[ChromeDriver: chrome on WINDOWS (d356c602d402a303f350fdd1aefb16eb)] -> xpath: //select[@id='makes']]
2021-07-04 20:07:482 INFO  SearchPage :38 - Selecting Car Model[[ChromeDriver: chrome on WINDOWS (d356c602d402a303f350fdd1aefb16eb)] -> xpath: //select[@id='models']]
2021-07-04 20:07:33 INFO  SearchPage :47 - Selecting Location of the Car[[ChromeDriver: chrome on WINDOWS (d356c602d402a303f350fdd1aefb16eb)] -> xpath: //select[@id='locations']]
2021-07-04 20:07:107 INFO  BasePage :34 - Launching Chrome Browser 
2021-07-04 20:07:586 INFO  Homepage :23 - Mouse hover on buy + sell[[ChromeDriver: chrome on WINDOWS (940f1702928bb0d36e9412f344f9d444)] -> xpath: //a[contains( text() , 'buy + sell')]]
2021-07-04 20:07:441 INFO  Homepage :27 - CLicking on Search Cars[[ChromeDriver: chrome on WINDOWS (940f1702928bb0d36e9412f344f9d444)] -> xpath: //a[contains( text() , 'Search Cars')]]
2021-07-04 20:07:821 INFO  Homepage :31 - Verify Search Page Text[[ChromeDriver: chrome on WINDOWS (940f1702928bb0d36e9412f344f9d444)] -> xpath: //h1[contains( text() , 'New & Used Car Search - carsguide')]]
2021-07-04 20:07:904 INFO  SearchPage :33 - Selecting Car Make[[ChromeDriver: chrome on WINDOWS (940f1702928bb0d36e9412f344f9d444)] -> xpath: //select[@id='makes']]
2021-07-04 20:07:345 INFO  SearchPage :38 - Selecting Car Model[[ChromeDriver: chrome on WINDOWS (940f1702928bb0d36e9412f344f9d444)] -> xpath: //select[@id='models']]
2021-07-04 20:07:485 INFO  BasePage :34 - Launching Chrome Browser 
2021-07-04 20:07:212 INFO  Homepage :23 - Mouse hover on buy + sell[[ChromeDriver: chrome on WINDOWS (fe92ffddd697a1e4db713603616a8730)] -> xpath: //a[contains( text() , 'buy + sell')]]
2021-07-04 20:07:33 INFO  Homepage :27 - CLicking on Search Cars[[ChromeDriver: chrome on WINDOWS (fe92ffddd697a1e4db713603616a8730)] -> xpath: //a[contains( text() , 'Search Cars')]]
2021-07-04 20:07:422 INFO  Homepage :31 - Verify Search Page Text[[ChromeDriver: chrome on WINDOWS (fe92ffddd697a1e4db713603616a8730)] -> xpath: //h1[contains( text() , 'New & Used Car Search - carsguide')]]
2021-07-04 20:07:505 INFO  SearchPage :33 - Selecting Car Make[[ChromeDriver: chrome on WINDOWS (fe92ffddd697a1e4db713603616a8730)] -> xpath: //select[@id='makes']]
2021-07-04 20:07:833 INFO  SearchPage :38 - Selecting Car Model[[ChromeDriver: chrome on WINDOWS (fe92ffddd697a1e4db713603616a8730)] -> xpath: //select[@id='models']]
2021-07-04 20:07:250 INFO  SearchPage :47 - Selecting Location of the Car[[ChromeDriver: chrome on WINDOWS (fe92ffddd697a1e4db713603616a8730)] -> xpath: //select[@id='locations']]
2021-07-04 20:07:429 INFO  BasePage :34 - Launching Chrome Browser 
2021-07-04 20:07:806 INFO  Homepage :23 - Mouse hover on buy + sell[[ChromeDriver: chrome on WINDOWS (364b6353bed68edc77c9ff7dfaba9927)] -> xpath: //a[contains( text() , 'buy + sell')]]
2021-07-04 20:07:575 INFO  Homepage :27 - CLicking on Search Cars[[ChromeDriver: chrome on WINDOWS (364b6353bed68edc77c9ff7dfaba9927)] -> xpath: //a[contains( text() , 'Search Cars')]]
2021-07-04 20:07:702 INFO  Homepage :31 - Verify Search Page Text[[ChromeDriver: chrome on WINDOWS (364b6353bed68edc77c9ff7dfaba9927)] -> xpath: //h1[contains( text() , 'New & Used Car Search - carsguide')]]
2021-07-04 20:07:784 INFO  SearchPage :33 - Selecting Car Make[[ChromeDriver: chrome on WINDOWS (364b6353bed68edc77c9ff7dfaba9927)] -> xpath: //select[@id='makes']]
2021-07-04 20:07:108 INFO  SearchPage :38 - Selecting Car Model[[ChromeDriver: chrome on WINDOWS (364b6353bed68edc77c9ff7dfaba9927)] -> xpath: //select[@id='models']]
2021-07-04 20:07:733 INFO  SearchPage :47 - Selecting Location of the Car[[ChromeDriver: chrome on WINDOWS (364b6353bed68edc77c9ff7dfaba9927)] -> xpath: //select[@id='locations']]
2021-07-04 20:07:896 INFO  BasePage :34 - Launching Chrome Browser 
2021-07-04 20:07:228 INFO  Homepage :23 - Mouse hover on buy + sell[[ChromeDriver: chrome on WINDOWS (a06b233817fb0835578dfab35b43edb2)] -> xpath: //a[contains( text() , 'buy + sell')]]
2021-07-04 20:07:100 INFO  Homepage :27 - CLicking on Search Cars[[ChromeDriver: chrome on WINDOWS (a06b233817fb0835578dfab35b43edb2)] -> xpath: //a[contains( text() , 'Search Cars')]]
2021-07-04 20:07:741 INFO  Homepage :31 - Verify Search Page Text[[ChromeDriver: chrome on WINDOWS (a06b233817fb0835578dfab35b43edb2)] -> xpath: //h1[contains( text() , 'New & Used Car Search - carsguide')]]
2021-07-04 20:07:826 INFO  SearchPage :33 - Selecting Car Make[[ChromeDriver: chrome on WINDOWS (a06b233817fb0835578dfab35b43edb2)] -> xpath: //select[@id='makes']]
2021-07-04 20:07:114 INFO  SearchPage :38 - Selecting Car Model[[ChromeDriver: chrome on WINDOWS (a06b233817fb0835578dfab35b43edb2)] -> xpath: //select[@id='models']]
2021-07-04 20:07:558 INFO  SearchPage :47 - Selecting Location of the Car[[ChromeDriver: chrome on WINDOWS (a06b233817fb0835578dfab35b43edb2)] -> xpath: //select[@id='locations']]
2021-07-04 20:07:956 INFO  BasePage :34 - Launching Chrome Browser 
2021-07-04 20:07:590 INFO  Homepage :23 - Mouse hover on buy + sell[[ChromeDriver: chrome on WINDOWS (7dfb05be8390847a2ff0a76fc966d059)] -> xpath: //a[contains( text() , 'buy + sell')]]
2021-07-04 20:07:203 INFO  Homepage :27 - CLicking on Search Cars[[ChromeDriver: chrome on WINDOWS (7dfb05be8390847a2ff0a76fc966d059)] -> xpath: //a[contains( text() , 'Search Cars')]]
2021-07-04 20:07:499 INFO  Homepage :31 - Verify Search Page Text[[ChromeDriver: chrome on WINDOWS (7dfb05be8390847a2ff0a76fc966d059)] -> xpath: //h1[contains( text() , 'New & Used Car Search - carsguide')]]
2021-07-04 20:07:554 INFO  SearchPage :33 - Selecting Car Make[[ChromeDriver: chrome on WINDOWS (7dfb05be8390847a2ff0a76fc966d059)] -> xpath: //select[@id='makes']]
2021-07-04 20:07:882 INFO  SearchPage :38 - Selecting Car Model[[ChromeDriver: chrome on WINDOWS (7dfb05be8390847a2ff0a76fc966d059)] -> xpath: //select[@id='models']]
2021-07-04 20:07:478 INFO  SearchPage :47 - Selecting Location of the Car[[ChromeDriver: chrome on WINDOWS (7dfb05be8390847a2ff0a76fc966d059)] -> xpath: //select[@id='locations']]
2021-07-05 11:07:633 INFO  BasePage :34 - Launching Chrome Browser 
2021-07-05 11:07:924 INFO  Homepage :23 - Mouse hover on buy + sell[[ChromeDriver: chrome on WINDOWS (8b9b0549d1abe36b6dcdb70ec5371aa7)] -> xpath: //a[contains( text() , 'buy + sell')]]
2021-07-05 11:07:148 INFO  Homepage :27 - CLicking on Search Cars[[ChromeDriver: chrome on WINDOWS (8b9b0549d1abe36b6dcdb70ec5371aa7)] -> xpath: //a[contains( text() , 'Search Cars')]]
2021-07-05 11:07:447 INFO  Homepage :31 - Verify Search Page Text[[ChromeDriver: chrome on WINDOWS (8b9b0549d1abe36b6dcdb70ec5371aa7)] -> xpath: //h1[contains( text() , 'New & Used Car Search - carsguide')]]
2021-07-05 11:07:542 INFO  SearchPage :33 - Selecting Car Make[[ChromeDriver: chrome on WINDOWS (8b9b0549d1abe36b6dcdb70ec5371aa7)] -> xpath: //select[@id='makes']]
2021-07-05 11:07:222 INFO  SearchPage :38 - Selecting Car Model[[ChromeDriver: chrome on WINDOWS (8b9b0549d1abe36b6dcdb70ec5371aa7)] -> xpath: //select[@id='models']]
2021-07-05 11:07:780 INFO  SearchPage :47 - Selecting Location of the Car[[ChromeDriver: chrome on WINDOWS (8b9b0549d1abe36b6dcdb70ec5371aa7)] -> xpath: //select[@id='locations']]
2021-07-05 11:07:956 INFO  SearchPage :42 - Selecting Car Price[[ChromeDriver: chrome on WINDOWS (8b9b0549d1abe36b6dcdb70ec5371aa7)] -> xpath: //select[@id='priceTo']]
2021-07-05 11:07:119 INFO  BasePage :34 - Launching Chrome Browser 
2021-07-05 11:07:378 INFO  Homepage :23 - Mouse hover on buy + sell[[ChromeDriver: chrome on WINDOWS (8c0c32ebec5ce3c9893c4b616e660ca3)] -> xpath: //a[contains( text() , 'buy + sell')]]
2021-07-05 11:07:629 INFO  Homepage :27 - CLicking on Search Cars[[ChromeDriver: chrome on WINDOWS (8c0c32ebec5ce3c9893c4b616e660ca3)] -> xpath: //a[contains( text() , 'Search Cars')]]
2021-07-05 11:07:726 INFO  Homepage :31 - Verify Search Page Text[[ChromeDriver: chrome on WINDOWS (8c0c32ebec5ce3c9893c4b616e660ca3)] -> xpath: //h1[contains( text() , 'New & Used Car Search - carsguide')]]
2021-07-05 11:07:906 INFO  SearchPage :33 - Selecting Car Make[[ChromeDriver: chrome on WINDOWS (8c0c32ebec5ce3c9893c4b616e660ca3)] -> xpath: //select[@id='makes']]
2021-07-05 11:07:187 INFO  SearchPage :38 - Selecting Car Model[[ChromeDriver: chrome on WINDOWS (8c0c32ebec5ce3c9893c4b616e660ca3)] -> xpath: //select[@id='models']]
2021-07-05 11:07:06 INFO  SearchPage :47 - Selecting Location of the Car[[ChromeDriver: chrome on WINDOWS (8c0c32ebec5ce3c9893c4b616e660ca3)] -> xpath: //select[@id='locations']]
2021-07-05 11:07:172 INFO  SearchPage :42 - Selecting Car Price[[ChromeDriver: chrome on WINDOWS (8c0c32ebec5ce3c9893c4b616e660ca3)] -> xpath: //select[@id='priceTo']]
2021-07-05 11:07:284 INFO  BasePage :34 - Launching Chrome Browser 
2021-07-05 11:07:305 INFO  Homepage :23 - Mouse hover on buy + sell[[ChromeDriver: chrome on WINDOWS (f2ccfc1c48cb3406d4897f7d1bb4005b)] -> xpath: //a[contains( text() , 'buy + sell')]]
2021-07-05 11:07:507 INFO  Homepage :27 - CLicking on Search Cars[[ChromeDriver: chrome on WINDOWS (f2ccfc1c48cb3406d4897f7d1bb4005b)] -> xpath: //a[contains( text() , 'Search Cars')]]
2021-07-05 11:07:447 INFO  Homepage :31 - Verify Search Page Text[[ChromeDriver: chrome on WINDOWS (f2ccfc1c48cb3406d4897f7d1bb4005b)] -> xpath: //h1[contains( text() , 'New & Used Car Search - carsguide')]]
2021-07-05 11:07:630 INFO  SearchPage :33 - Selecting Car Make[[ChromeDriver: chrome on WINDOWS (f2ccfc1c48cb3406d4897f7d1bb4005b)] -> xpath: //select[@id='makes']]
2021-07-05 11:07:811 INFO  SearchPage :38 - Selecting Car Model[[ChromeDriver: chrome on WINDOWS (f2ccfc1c48cb3406d4897f7d1bb4005b)] -> xpath: //select[@id='models']]
2021-07-05 11:07:334 INFO  SearchPage :47 - Selecting Location of the Car[[ChromeDriver: chrome on WINDOWS (f2ccfc1c48cb3406d4897f7d1bb4005b)] -> xpath: //select[@id='locations']]
2021-07-05 11:07:520 INFO  SearchPage :42 - Selecting Car Price[[ChromeDriver: chrome on WINDOWS (f2ccfc1c48cb3406d4897f7d1bb4005b)] -> xpath: //select[@id='priceTo']]
2021-07-05 11:07:687 INFO  BasePage :34 - Launching Chrome Browser 
2021-07-05 11:07:790 INFO  Homepage :23 - Mouse hover on buy + sell[[ChromeDriver: chrome on WINDOWS (3ef44d6e0eee8ba502979d420edf87a9)] -> xpath: //a[contains( text() , 'buy + sell')]]
2021-07-05 11:07:478 INFO  Homepage :27 - CLicking on Search Cars[[ChromeDriver: chrome on WINDOWS (3ef44d6e0eee8ba502979d420edf87a9)] -> xpath: //a[contains( text() , 'Search Cars')]]
2021-07-05 11:07:592 INFO  Homepage :31 - Verify Search Page Text[[ChromeDriver: chrome on WINDOWS (3ef44d6e0eee8ba502979d420edf87a9)] -> xpath: //h1[contains( text() , 'New & Used Car Search - carsguide')]]
2021-07-05 11:07:784 INFO  SearchPage :33 - Selecting Car Make[[ChromeDriver: chrome on WINDOWS (3ef44d6e0eee8ba502979d420edf87a9)] -> xpath: //select[@id='makes']]
2021-07-05 11:07:960 INFO  SearchPage :38 - Selecting Car Model[[ChromeDriver: chrome on WINDOWS (3ef44d6e0eee8ba502979d420edf87a9)] -> xpath: //select[@id='models']]
2021-07-05 11:07:128 INFO  SearchPage :47 - Selecting Location of the Car[[ChromeDriver: chrome on WINDOWS (3ef44d6e0eee8ba502979d420edf87a9)] -> xpath: //select[@id='locations']]
2021-07-05 11:07:320 INFO  SearchPage :42 - Selecting Car Price[[ChromeDriver: chrome on WINDOWS (3ef44d6e0eee8ba502979d420edf87a9)] -> xpath: //select[@id='priceTo']]
2021-07-05 11:07:772 INFO  BasePage :34 - Launching Chrome Browser 
2021-07-05 11:07:882 INFO  BasePage :34 - Launching Chrome Browser 
2021-07-05 11:07:423 INFO  Homepage :23 - Mouse hover on buy + sell[[ChromeDriver: chrome on WINDOWS (358cd7255f492bd1c125fc00968c3d21)] -> xpath: //a[contains( text() , 'buy + sell')]]
2021-07-05 11:07:663 INFO  Homepage :27 - CLicking on Search Cars[[ChromeDriver: chrome on WINDOWS (358cd7255f492bd1c125fc00968c3d21)] -> xpath: //a[contains( text() , 'Search Cars')]]
2021-07-05 11:07:411 INFO  Homepage :31 - Verify Search Page Text[[ChromeDriver: chrome on WINDOWS (358cd7255f492bd1c125fc00968c3d21)] -> xpath: //h1[contains( text() , 'New & Used Car Search - carsguide')]]
2021-07-05 11:07:483 INFO  SearchPage :33 - Selecting Car Make[[ChromeDriver: chrome on WINDOWS (358cd7255f492bd1c125fc00968c3d21)] -> xpath: //select[@id='makes']]
2021-07-05 11:07:691 INFO  SearchPage :38 - Selecting Car Model[[ChromeDriver: chrome on WINDOWS (358cd7255f492bd1c125fc00968c3d21)] -> xpath: //select[@id='models']]
2021-07-05 11:07:879 INFO  SearchPage :47 - Selecting Location of the Car[[ChromeDriver: chrome on WINDOWS (358cd7255f492bd1c125fc00968c3d21)] -> xpath: //select[@id='locations']]
2021-07-05 11:07:27 INFO  SearchPage :42 - Selecting Car Price[[ChromeDriver: chrome on WINDOWS (358cd7255f492bd1c125fc00968c3d21)] -> xpath: //select[@id='priceTo']]
2021-07-05 11:07:165 INFO  BasePage :34 - Launching Chrome Browser 
2021-07-05 11:07:101 INFO  Homepage :23 - Mouse hover on buy + sell[[ChromeDriver: chrome on WINDOWS (dd508e896212ab9e53cc6190377d89ae)] -> xpath: //a[contains( text() , 'buy + sell')]]
2021-07-05 11:07:323 INFO  Homepage :27 - CLicking on Search Cars[[ChromeDriver: chrome on WINDOWS (dd508e896212ab9e53cc6190377d89ae)] -> xpath: //a[contains( text() , 'Search Cars')]]
2021-07-05 11:07:697 INFO  Homepage :31 - Verify Search Page Text[[ChromeDriver: chrome on WINDOWS (dd508e896212ab9e53cc6190377d89ae)] -> xpath: //h1[contains( text() , 'New & Used Car Search - carsguide')]]
2021-07-05 11:07:769 INFO  SearchPage :33 - Selecting Car Make[[ChromeDriver: chrome on WINDOWS (dd508e896212ab9e53cc6190377d89ae)] -> xpath: //select[@id='makes']]
2021-07-05 11:07:381 INFO  SearchPage :38 - Selecting Car Model[[ChromeDriver: chrome on WINDOWS (dd508e896212ab9e53cc6190377d89ae)] -> xpath: //select[@id='models']]
2021-07-05 11:07:590 INFO  SearchPage :47 - Selecting Location of the Car[[ChromeDriver: chrome on WINDOWS (dd508e896212ab9e53cc6190377d89ae)] -> xpath: //select[@id='locations']]
2021-07-05 11:07:771 INFO  SearchPage :42 - Selecting Car Price[[ChromeDriver: chrome on WINDOWS (dd508e896212ab9e53cc6190377d89ae)] -> xpath: //select[@id='priceTo']]
2021-07-05 11:07:919 INFO  BasePage :34 - Launching Chrome Browser 
2021-07-05 11:07:370 INFO  Homepage :23 - Mouse hover on buy + sell[[ChromeDriver: chrome on WINDOWS (75b295a949b39cb824d75b967ac2a905)] -> xpath: //a[contains( text() , 'buy + sell')]]
2021-07-05 11:07:580 INFO  Homepage :27 - CLicking on Search Cars[[ChromeDriver: chrome on WINDOWS (75b295a949b39cb824d75b967ac2a905)] -> xpath: //a[contains( text() , 'Search Cars')]]
2021-07-05 11:07:884 INFO  Homepage :31 - Verify Search Page Text[[ChromeDriver: chrome on WINDOWS (75b295a949b39cb824d75b967ac2a905)] -> xpath: //h1[contains( text() , 'New & Used Car Search - carsguide')]]
2021-07-05 11:07:940 INFO  SearchPage :33 - Selecting Car Make[[ChromeDriver: chrome on WINDOWS (75b295a949b39cb824d75b967ac2a905)] -> xpath: //select[@id='makes']]
2021-07-05 11:07:289 INFO  SearchPage :38 - Selecting Car Model[[ChromeDriver: chrome on WINDOWS (75b295a949b39cb824d75b967ac2a905)] -> xpath: //select[@id='models']]
2021-07-05 11:07:643 INFO  SearchPage :47 - Selecting Location of the Car[[ChromeDriver: chrome on WINDOWS (75b295a949b39cb824d75b967ac2a905)] -> xpath: //select[@id='locations']]
2021-07-05 11:07:803 INFO  SearchPage :42 - Selecting Car Price[[ChromeDriver: chrome on WINDOWS (75b295a949b39cb824d75b967ac2a905)] -> xpath: //select[@id='priceTo']]
2021-07-05 11:07:910 INFO  BasePage :34 - Launching Chrome Browser 
2021-07-05 11:07:274 INFO  Homepage :23 - Mouse hover on buy + sell[[ChromeDriver: chrome on WINDOWS (1278e0a431739c9e24340ec4ab23fdb1)] -> xpath: //a[contains( text() , 'buy + sell')]]
2021-07-05 11:07:518 INFO  Homepage :27 - CLicking on Search Cars[[ChromeDriver: chrome on WINDOWS (1278e0a431739c9e24340ec4ab23fdb1)] -> xpath: //a[contains( text() , 'Search Cars')]]
2021-07-05 11:07:710 INFO  Homepage :31 - Verify Search Page Text[[ChromeDriver: chrome on WINDOWS (1278e0a431739c9e24340ec4ab23fdb1)] -> xpath: //h1[contains( text() , 'New & Used Car Search - carsguide')]]
2021-07-05 11:07:841 INFO  SearchPage :33 - Selecting Car Make[[ChromeDriver: chrome on WINDOWS (1278e0a431739c9e24340ec4ab23fdb1)] -> xpath: //select[@id='makes']]
2021-07-05 11:07:227 INFO  SearchPage :38 - Selecting Car Model[[ChromeDriver: chrome on WINDOWS (1278e0a431739c9e24340ec4ab23fdb1)] -> xpath: //select[@id='models']]
2021-07-05 11:07:523 INFO  SearchPage :47 - Selecting Location of the Car[[ChromeDriver: chrome on WINDOWS (1278e0a431739c9e24340ec4ab23fdb1)] -> xpath: //select[@id='locations']]
2021-07-05 11:07:739 INFO  SearchPage :42 - Selecting Car Price[[ChromeDriver: chrome on WINDOWS (1278e0a431739c9e24340ec4ab23fdb1)] -> xpath: //select[@id='priceTo']]
2021-07-05 11:07:830 INFO  BasePage :34 - Launching Chrome Browser 
2021-07-05 11:07:47 INFO  Homepage :23 - Mouse hover on buy + sell[[ChromeDriver: chrome on WINDOWS (936984a24d8ab630ba8c891526263b0d)] -> xpath: //a[contains( text() , 'buy + sell')]]
2021-07-05 11:07:278 INFO  Homepage :27 - CLicking on Search Cars[[ChromeDriver: chrome on WINDOWS (936984a24d8ab630ba8c891526263b0d)] -> xpath: //a[contains( text() , 'Search Cars')]]
2021-07-05 11:07:414 INFO  Homepage :31 - Verify Search Page Text[[ChromeDriver: chrome on WINDOWS (936984a24d8ab630ba8c891526263b0d)] -> xpath: //h1[contains( text() , 'New & Used Car Search - carsguide')]]
2021-07-05 11:07:606 INFO  SearchPage :33 - Selecting Car Make[[ChromeDriver: chrome on WINDOWS (936984a24d8ab630ba8c891526263b0d)] -> xpath: //select[@id='makes']]
2021-07-05 11:07:966 INFO  SearchPage :38 - Selecting Car Model[[ChromeDriver: chrome on WINDOWS (936984a24d8ab630ba8c891526263b0d)] -> xpath: //select[@id='models']]
2021-07-05 11:07:318 INFO  SearchPage :47 - Selecting Location of the Car[[ChromeDriver: chrome on WINDOWS (936984a24d8ab630ba8c891526263b0d)] -> xpath: //select[@id='locations']]
2021-07-05 11:07:462 INFO  SearchPage :42 - Selecting Car Price[[ChromeDriver: chrome on WINDOWS (936984a24d8ab630ba8c891526263b0d)] -> xpath: //select[@id='priceTo']]
2021-07-05 11:07:579 INFO  BasePage :34 - Launching Chrome Browser 
2021-07-05 11:07:865 INFO  Homepage :23 - Mouse hover on buy + sell[[ChromeDriver: chrome on WINDOWS (972a0bac7def4b33aebdf0a457c14eb2)] -> xpath: //a[contains( text() , 'buy + sell')]]
2021-07-05 11:07:75 INFO  Homepage :27 - CLicking on Search Cars[[ChromeDriver: chrome on WINDOWS (972a0bac7def4b33aebdf0a457c14eb2)] -> xpath: //a[contains( text() , 'Search Cars')]]
2021-07-05 11:07:396 INFO  Homepage :31 - Verify Search Page Text[[ChromeDriver: chrome on WINDOWS (972a0bac7def4b33aebdf0a457c14eb2)] -> xpath: //h1[contains( text() , 'New & Used Car Search - carsguide')]]
2021-07-05 11:07:457 INFO  SearchPage :33 - Selecting Car Make[[ChromeDriver: chrome on WINDOWS (972a0bac7def4b33aebdf0a457c14eb2)] -> xpath: //select[@id='makes']]
2021-07-05 11:07:716 INFO  SearchPage :38 - Selecting Car Model[[ChromeDriver: chrome on WINDOWS (972a0bac7def4b33aebdf0a457c14eb2)] -> xpath: //select[@id='models']]
2021-07-05 11:07:140 INFO  SearchPage :47 - Selecting Location of the Car[[ChromeDriver: chrome on WINDOWS (972a0bac7def4b33aebdf0a457c14eb2)] -> xpath: //select[@id='locations']]
2021-07-05 11:07:294 INFO  SearchPage :42 - Selecting Car Price[[ChromeDriver: chrome on WINDOWS (972a0bac7def4b33aebdf0a457c14eb2)] -> xpath: //select[@id='priceTo']]
2021-07-05 11:07:429 INFO  BasePage :34 - Launching Chrome Browser 
2021-07-05 11:07:90 INFO  Homepage :23 - Mouse hover on buy + sell[[ChromeDriver: chrome on WINDOWS (9b1e5efe852c03ed79240c119895d476)] -> xpath: //a[contains( text() , 'buy + sell')]]
2021-07-05 11:07:329 INFO  Homepage :27 - CLicking on Search Cars[[ChromeDriver: chrome on WINDOWS (9b1e5efe852c03ed79240c119895d476)] -> xpath: //a[contains( text() , 'Search Cars')]]
2021-07-05 11:07:818 INFO  Homepage :31 - Verify Search Page Text[[ChromeDriver: chrome on WINDOWS (9b1e5efe852c03ed79240c119895d476)] -> xpath: //h1[contains( text() , 'New & Used Car Search - carsguide')]]
2021-07-05 11:07:882 INFO  SearchPage :33 - Selecting Car Make[[ChromeDriver: chrome on WINDOWS (9b1e5efe852c03ed79240c119895d476)] -> xpath: //select[@id='makes']]
2021-07-05 11:07:210 INFO  SearchPage :38 - Selecting Car Model[[ChromeDriver: chrome on WINDOWS (9b1e5efe852c03ed79240c119895d476)] -> xpath: //select[@id='models']]
2021-07-05 11:07:370 INFO  SearchPage :47 - Selecting Location of the Car[[ChromeDriver: chrome on WINDOWS (9b1e5efe852c03ed79240c119895d476)] -> xpath: //select[@id='locations']]
2021-07-05 11:07:535 INFO  SearchPage :42 - Selecting Car Price[[ChromeDriver: chrome on WINDOWS (9b1e5efe852c03ed79240c119895d476)] -> xpath: //select[@id='priceTo']]
2021-07-05 11:07:717 INFO  BasePage :34 - Launching Chrome Browser 
2021-07-05 11:07:309 INFO  Homepage :23 - Mouse hover on buy + sell[[ChromeDriver: chrome on WINDOWS (f883537aa9af3703a100af0f05ebf33c)] -> xpath: //a[contains( text() , 'buy + sell')]]
2021-07-05 11:07:492 INFO  Homepage :27 - CLicking on Search Cars[[ChromeDriver: chrome on WINDOWS (f883537aa9af3703a100af0f05ebf33c)] -> xpath: //a[contains( text() , 'Search Cars')]]
2021-07-05 11:07:660 INFO  Homepage :31 - Verify Search Page Text[[ChromeDriver: chrome on WINDOWS (f883537aa9af3703a100af0f05ebf33c)] -> xpath: //h1[contains( text() , 'New & Used Car Search - carsguide')]]
2021-07-05 11:07:876 INFO  SearchPage :33 - Selecting Car Make[[ChromeDriver: chrome on WINDOWS (f883537aa9af3703a100af0f05ebf33c)] -> xpath: //select[@id='makes']]
2021-07-05 11:07:220 INFO  SearchPage :38 - Selecting Car Model[[ChromeDriver: chrome on WINDOWS (f883537aa9af3703a100af0f05ebf33c)] -> xpath: //select[@id='models']]
2021-07-05 11:07:484 INFO  SearchPage :47 - Selecting Location of the Car[[ChromeDriver: chrome on WINDOWS (f883537aa9af3703a100af0f05ebf33c)] -> xpath: //select[@id='locations']]
2021-07-05 11:07:638 INFO  SearchPage :42 - Selecting Car Price[[ChromeDriver: chrome on WINDOWS (f883537aa9af3703a100af0f05ebf33c)] -> xpath: //select[@id='priceTo']]
2021-07-05 11:07:639 INFO  BasePage :34 - Launching Chrome Browser 
2021-07-05 11:07:356 INFO  BasePage :34 - Launching Chrome Browser 
2021-07-05 11:07:789 INFO  BasePage :34 - Launching Chrome Browser 
2021-07-05 12:07:526 INFO  BasePage :34 - Launching Chrome Browser 
2021-07-05 12:07:350 INFO  Homepage :23 - Mouse hover on buy + sell[[ChromeDriver: chrome on WINDOWS (82cfc1a57e46c90baa3447877c785d90)] -> xpath: //a[contains( text() , 'buy + sell')]]
2021-07-05 12:07:613 INFO  Homepage :27 - CLicking on Search Cars[[ChromeDriver: chrome on WINDOWS (82cfc1a57e46c90baa3447877c785d90)] -> xpath: //a[contains( text() , 'Search Cars')]]
2021-07-05 12:07:696 INFO  Homepage :31 - Verify Search Page Text[[ChromeDriver: chrome on WINDOWS (82cfc1a57e46c90baa3447877c785d90)] -> xpath: //h1[contains( text() , 'New & Used Car Search - carsguide')]]
2021-07-05 12:07:840 INFO  SearchPage :33 - Selecting Car Make[[ChromeDriver: chrome on WINDOWS (82cfc1a57e46c90baa3447877c785d90)] -> xpath: //select[@id='makes']]
2021-07-05 12:07:88 INFO  SearchPage :38 - Selecting Car Model[[ChromeDriver: chrome on WINDOWS (82cfc1a57e46c90baa3447877c785d90)] -> xpath: //select[@id='models']]
2021-07-05 12:07:440 INFO  SearchPage :47 - Selecting Location of the Car[[ChromeDriver: chrome on WINDOWS (82cfc1a57e46c90baa3447877c785d90)] -> xpath: //select[@id='locations']]
2021-07-05 12:07:618 INFO  SearchPage :42 - Selecting Car Price[[ChromeDriver: chrome on WINDOWS (82cfc1a57e46c90baa3447877c785d90)] -> xpath: //select[@id='priceTo']]
2021-07-05 12:07:901 INFO  BasePage :34 - Launching Chrome Browser 
2021-07-05 12:07:745 INFO  Homepage :23 - Mouse hover on buy + sell[[ChromeDriver: chrome on WINDOWS (b508a2c75ae97fb439f029b0951618dc)] -> xpath: //a[contains( text() , 'buy + sell')]]
2021-07-05 12:07:945 INFO  Homepage :27 - CLicking on Search Cars[[ChromeDriver: chrome on WINDOWS (b508a2c75ae97fb439f029b0951618dc)] -> xpath: //a[contains( text() , 'Search Cars')]]
2021-07-05 12:07:309 INFO  Homepage :31 - Verify Search Page Text[[ChromeDriver: chrome on WINDOWS (b508a2c75ae97fb439f029b0951618dc)] -> xpath: //h1[contains( text() , 'New & Used Car Search - carsguide')]]
2021-07-05 12:07:365 INFO  SearchPage :33 - Selecting Car Make[[ChromeDriver: chrome on WINDOWS (b508a2c75ae97fb439f029b0951618dc)] -> xpath: //select[@id='makes']]
2021-07-05 12:07:613 INFO  SearchPage :38 - Selecting Car Model[[ChromeDriver: chrome on WINDOWS (b508a2c75ae97fb439f029b0951618dc)] -> xpath: //select[@id='models']]
2021-07-05 12:07:805 INFO  SearchPage :47 - Selecting Location of the Car[[ChromeDriver: chrome on WINDOWS (b508a2c75ae97fb439f029b0951618dc)] -> xpath: //select[@id='locations']]
2021-07-05 12:07:974 INFO  SearchPage :42 - Selecting Car Price[[ChromeDriver: chrome on WINDOWS (b508a2c75ae97fb439f029b0951618dc)] -> xpath: //select[@id='priceTo']]
2021-07-05 12:07:140 INFO  BasePage :34 - Launching Chrome Browser 
2021-07-05 12:07:170 INFO  Homepage :23 - Mouse hover on buy + sell[[ChromeDriver: chrome on WINDOWS (305e7585ff0823f4dc26aecc67cbb17c)] -> xpath: //a[contains( text() , 'buy + sell')]]
2021-07-05 12:07:401 INFO  Homepage :27 - CLicking on Search Cars[[ChromeDriver: chrome on WINDOWS (305e7585ff0823f4dc26aecc67cbb17c)] -> xpath: //a[contains( text() , 'Search Cars')]]
2021-07-05 12:07:261 INFO  Homepage :31 - Verify Search Page Text[[ChromeDriver: chrome on WINDOWS (305e7585ff0823f4dc26aecc67cbb17c)] -> xpath: //h1[contains( text() , 'New & Used Car Search - carsguide')]]
2021-07-05 12:07:325 INFO  SearchPage :33 - Selecting Car Make[[ChromeDriver: chrome on WINDOWS (305e7585ff0823f4dc26aecc67cbb17c)] -> xpath: //select[@id='makes']]
2021-07-05 12:07:586 INFO  SearchPage :38 - Selecting Car Model[[ChromeDriver: chrome on WINDOWS (305e7585ff0823f4dc26aecc67cbb17c)] -> xpath: //select[@id='models']]
2021-07-05 12:07:953 INFO  SearchPage :47 - Selecting Location of the Car[[ChromeDriver: chrome on WINDOWS (305e7585ff0823f4dc26aecc67cbb17c)] -> xpath: //select[@id='locations']]
2021-07-05 12:07:120 INFO  SearchPage :42 - Selecting Car Price[[ChromeDriver: chrome on WINDOWS (305e7585ff0823f4dc26aecc67cbb17c)] -> xpath: //select[@id='priceTo']]
2021-07-05 12:07:203 INFO  BasePage :34 - Launching Chrome Browser 
2021-07-05 12:07:858 INFO  Homepage :23 - Mouse hover on buy + sell[[ChromeDriver: chrome on WINDOWS (0195f467bd9cc1a05ae3c73a19e1caa1)] -> xpath: //a[contains( text() , 'buy + sell')]]
2021-07-05 12:07:49 INFO  Homepage :27 - CLicking on Search Cars[[ChromeDriver: chrome on WINDOWS (0195f467bd9cc1a05ae3c73a19e1caa1)] -> xpath: //a[contains( text() , 'Search Cars')]]
2021-07-05 12:07:84 INFO  Homepage :31 - Verify Search Page Text[[ChromeDriver: chrome on WINDOWS (0195f467bd9cc1a05ae3c73a19e1caa1)] -> xpath: //h1[contains( text() , 'New & Used Car Search - carsguide')]]
2021-07-05 12:07:149 INFO  SearchPage :33 - Selecting Car Make[[ChromeDriver: chrome on WINDOWS (0195f467bd9cc1a05ae3c73a19e1caa1)] -> xpath: //select[@id='makes']]
2021-07-05 12:07:427 INFO  SearchPage :38 - Selecting Car Model[[ChromeDriver: chrome on WINDOWS (0195f467bd9cc1a05ae3c73a19e1caa1)] -> xpath: //select[@id='models']]
2021-07-05 12:07:663 INFO  SearchPage :47 - Selecting Location of the Car[[ChromeDriver: chrome on WINDOWS (0195f467bd9cc1a05ae3c73a19e1caa1)] -> xpath: //select[@id='locations']]
2021-07-05 12:07:158 INFO  SearchPage :42 - Selecting Car Price[[ChromeDriver: chrome on WINDOWS (0195f467bd9cc1a05ae3c73a19e1caa1)] -> xpath: //select[@id='priceTo']]
2021-07-05 12:07:336 INFO  BasePage :34 - Launching Chrome Browser 
2021-07-05 12:07:970 INFO  Homepage :23 - Mouse hover on buy + sell[[ChromeDriver: chrome on WINDOWS (27b4e9972c3ff7988d1f20cc198afa4a)] -> xpath: //a[contains( text() , 'buy + sell')]]
2021-07-05 12:07:162 INFO  Homepage :27 - CLicking on Search Cars[[ChromeDriver: chrome on WINDOWS (27b4e9972c3ff7988d1f20cc198afa4a)] -> xpath: //a[contains( text() , 'Search Cars')]]
2021-07-05 12:07:151 INFO  Homepage :31 - Verify Search Page Text[[ChromeDriver: chrome on WINDOWS (27b4e9972c3ff7988d1f20cc198afa4a)] -> xpath: //h1[contains( text() , 'New & Used Car Search - carsguide')]]
2021-07-05 12:07:218 INFO  SearchPage :33 - Selecting Car Make[[ChromeDriver: chrome on WINDOWS (27b4e9972c3ff7988d1f20cc198afa4a)] -> xpath: //select[@id='makes']]
2021-07-05 12:07:550 INFO  SearchPage :38 - Selecting Car Model[[ChromeDriver: chrome on WINDOWS (27b4e9972c3ff7988d1f20cc198afa4a)] -> xpath: //select[@id='models']]
2021-07-05 12:07:870 INFO  SearchPage :47 - Selecting Location of the Car[[ChromeDriver: chrome on WINDOWS (27b4e9972c3ff7988d1f20cc198afa4a)] -> xpath: //select[@id='locations']]
2021-07-05 12:07:100 INFO  SearchPage :42 - Selecting Car Price[[ChromeDriver: chrome on WINDOWS (27b4e9972c3ff7988d1f20cc198afa4a)] -> xpath: //select[@id='priceTo']]
2021-07-05 12:07:151 INFO  BasePage :34 - Launching Chrome Browser 
2021-07-05 12:07:135 INFO  Homepage :23 - Mouse hover on buy + sell[[ChromeDriver: chrome on WINDOWS (1994a9c5d5b90019d8a9568f2700e679)] -> xpath: //a[contains( text() , 'buy + sell')]]
2021-07-05 12:07:369 INFO  Homepage :27 - CLicking on Search Cars[[ChromeDriver: chrome on WINDOWS (1994a9c5d5b90019d8a9568f2700e679)] -> xpath: //a[contains( text() , 'Search Cars')]]
2021-07-05 12:07:567 INFO  Homepage :31 - Verify Search Page Text[[ChromeDriver: chrome on WINDOWS (1994a9c5d5b90019d8a9568f2700e679)] -> xpath: //h1[contains( text() , 'New & Used Car Search - carsguide')]]
2021-07-05 12:07:628 INFO  SearchPage :33 - Selecting Car Make[[ChromeDriver: chrome on WINDOWS (1994a9c5d5b90019d8a9568f2700e679)] -> xpath: //select[@id='makes']]
2021-07-05 12:07:833 INFO  SearchPage :38 - Selecting Car Model[[ChromeDriver: chrome on WINDOWS (1994a9c5d5b90019d8a9568f2700e679)] -> xpath: //select[@id='models']]
2021-07-05 12:07:169 INFO  SearchPage :47 - Selecting Location of the Car[[ChromeDriver: chrome on WINDOWS (1994a9c5d5b90019d8a9568f2700e679)] -> xpath: //select[@id='locations']]
2021-07-05 12:07:338 INFO  SearchPage :42 - Selecting Car Price[[ChromeDriver: chrome on WINDOWS (1994a9c5d5b90019d8a9568f2700e679)] -> xpath: //select[@id='priceTo']]
2021-07-05 12:07:633 INFO  BasePage :34 - Launching Chrome Browser 
2021-07-05 12:07:817 INFO  Homepage :23 - Mouse hover on buy + sell[[ChromeDriver: chrome on WINDOWS (8e4d7dadad0190481eb3de83e32dafd7)] -> xpath: //a[contains( text() , 'buy + sell')]]
2021-07-05 12:07:56 INFO  Homepage :27 - CLicking on Search Cars[[ChromeDriver: chrome on WINDOWS (8e4d7dadad0190481eb3de83e32dafd7)] -> xpath: //a[contains( text() , 'Search Cars')]]
2021-07-05 12:07:981 INFO  Homepage :31 - Verify Search Page Text[[ChromeDriver: chrome on WINDOWS (8e4d7dadad0190481eb3de83e32dafd7)] -> xpath: //h1[contains( text() , 'New & Used Car Search - carsguide')]]
2021-07-05 12:07:131 INFO  SearchPage :33 - Selecting Car Make[[ChromeDriver: chrome on WINDOWS (8e4d7dadad0190481eb3de83e32dafd7)] -> xpath: //select[@id='makes']]
2021-07-05 12:07:577 INFO  SearchPage :38 - Selecting Car Model[[ChromeDriver: chrome on WINDOWS (8e4d7dadad0190481eb3de83e32dafd7)] -> xpath: //select[@id='models']]
2021-07-05 12:07:979 INFO  SearchPage :47 - Selecting Location of the Car[[ChromeDriver: chrome on WINDOWS (8e4d7dadad0190481eb3de83e32dafd7)] -> xpath: //select[@id='locations']]
2021-07-05 12:07:201 INFO  SearchPage :42 - Selecting Car Price[[ChromeDriver: chrome on WINDOWS (8e4d7dadad0190481eb3de83e32dafd7)] -> xpath: //select[@id='priceTo']]
2021-07-05 12:07:417 INFO  BasePage :34 - Launching Chrome Browser 
2021-07-05 12:07:563 INFO  Homepage :23 - Mouse hover on buy + sell[[ChromeDriver: chrome on WINDOWS (c404a2491beb94ad8d18e271054097de)] -> xpath: //a[contains( text() , 'buy + sell')]]
2021-07-05 12:07:756 INFO  Homepage :27 - CLicking on Search Cars[[ChromeDriver: chrome on WINDOWS (c404a2491beb94ad8d18e271054097de)] -> xpath: //a[contains( text() , 'Search Cars')]]
2021-07-05 12:07:348 INFO  Homepage :31 - Verify Search Page Text[[ChromeDriver: chrome on WINDOWS (c404a2491beb94ad8d18e271054097de)] -> xpath: //h1[contains( text() , 'New & Used Car Search - carsguide')]]
2021-07-05 12:07:413 INFO  SearchPage :33 - Selecting Car Make[[ChromeDriver: chrome on WINDOWS (c404a2491beb94ad8d18e271054097de)] -> xpath: //select[@id='makes']]
2021-07-05 12:07:944 INFO  SearchPage :38 - Selecting Car Model[[ChromeDriver: chrome on WINDOWS (c404a2491beb94ad8d18e271054097de)] -> xpath: //select[@id='models']]
2021-07-05 12:07:184 INFO  SearchPage :47 - Selecting Location of the Car[[ChromeDriver: chrome on WINDOWS (c404a2491beb94ad8d18e271054097de)] -> xpath: //select[@id='locations']]
2021-07-05 12:07:388 INFO  SearchPage :42 - Selecting Car Price[[ChromeDriver: chrome on WINDOWS (c404a2491beb94ad8d18e271054097de)] -> xpath: //select[@id='priceTo']]
2021-07-05 12:07:533 INFO  BasePage :34 - Launching Chrome Browser 
2021-07-05 12:07:796 INFO  Homepage :23 - Mouse hover on buy + sell[[ChromeDriver: chrome on WINDOWS (5bd63192f57cd4b8a2540fd59ddd7183)] -> xpath: //a[contains( text() , 'buy + sell')]]
2021-07-05 12:07:36 INFO  Homepage :27 - CLicking on Search Cars[[ChromeDriver: chrome on WINDOWS (5bd63192f57cd4b8a2540fd59ddd7183)] -> xpath: //a[contains( text() , 'Search Cars')]]
2021-07-05 12:07:877 INFO  Homepage :31 - Verify Search Page Text[[ChromeDriver: chrome on WINDOWS (5bd63192f57cd4b8a2540fd59ddd7183)] -> xpath: //h1[contains( text() , 'New & Used Car Search - carsguide')]]
2021-07-05 12:07:927 INFO  SearchPage :33 - Selecting Car Make[[ChromeDriver: chrome on WINDOWS (5bd63192f57cd4b8a2540fd59ddd7183)] -> xpath: //select[@id='makes']]
2021-07-05 12:07:131 INFO  SearchPage :38 - Selecting Car Model[[ChromeDriver: chrome on WINDOWS (5bd63192f57cd4b8a2540fd59ddd7183)] -> xpath: //select[@id='models']]
2021-07-05 12:07:415 INFO  SearchPage :47 - Selecting Location of the Car[[ChromeDriver: chrome on WINDOWS (5bd63192f57cd4b8a2540fd59ddd7183)] -> xpath: //select[@id='locations']]
2021-07-05 12:07:896 INFO  SearchPage :42 - Selecting Car Price[[ChromeDriver: chrome on WINDOWS (5bd63192f57cd4b8a2540fd59ddd7183)] -> xpath: //select[@id='priceTo']]
2021-07-05 12:07:900 INFO  BasePage :34 - Launching Chrome Browser 
2021-07-05 12:07:910 INFO  Homepage :23 - Mouse hover on buy + sell[[ChromeDriver: chrome on WINDOWS (4ad90683fc76d134ad4b899401706248)] -> xpath: //a[contains( text() , 'buy + sell')]]
2021-07-05 12:07:118 INFO  Homepage :27 - CLicking on Search Cars[[ChromeDriver: chrome on WINDOWS (4ad90683fc76d134ad4b899401706248)] -> xpath: //a[contains( text() , 'Search Cars')]]
2021-07-05 12:07:399 INFO  Homepage :31 - Verify Search Page Text[[ChromeDriver: chrome on WINDOWS (4ad90683fc76d134ad4b899401706248)] -> xpath: //h1[contains( text() , 'New & Used Car Search - carsguide')]]
2021-07-05 12:07:462 INFO  SearchPage :33 - Selecting Car Make[[ChromeDriver: chrome on WINDOWS (4ad90683fc76d134ad4b899401706248)] -> xpath: //select[@id='makes']]
2021-07-05 12:07:636 INFO  SearchPage :38 - Selecting Car Model[[ChromeDriver: chrome on WINDOWS (4ad90683fc76d134ad4b899401706248)] -> xpath: //select[@id='models']]
2021-07-05 12:07:884 INFO  SearchPage :47 - Selecting Location of the Car[[ChromeDriver: chrome on WINDOWS (4ad90683fc76d134ad4b899401706248)] -> xpath: //select[@id='locations']]
2021-07-05 12:07:397 INFO  SearchPage :42 - Selecting Car Price[[ChromeDriver: chrome on WINDOWS (4ad90683fc76d134ad4b899401706248)] -> xpath: //select[@id='priceTo']]
2021-07-05 12:07:519 INFO  BasePage :34 - Launching Chrome Browser 
2021-07-05 12:07:135 INFO  Homepage :23 - Mouse hover on buy + sell[[ChromeDriver: chrome on WINDOWS (46a34c21aa2d623cec547b8c69a540cc)] -> xpath: //a[contains( text() , 'buy + sell')]]
2021-07-05 12:07:335 INFO  Homepage :27 - CLicking on Search Cars[[ChromeDriver: chrome on WINDOWS (46a34c21aa2d623cec547b8c69a540cc)] -> xpath: //a[contains( text() , 'Search Cars')]]
2021-07-05 12:07:451 INFO  Homepage :31 - Verify Search Page Text[[ChromeDriver: chrome on WINDOWS (46a34c21aa2d623cec547b8c69a540cc)] -> xpath: //h1[contains( text() , 'New & Used Car Search - carsguide')]]
2021-07-05 12:07:490 INFO  SearchPage :33 - Selecting Car Make[[ChromeDriver: chrome on WINDOWS (46a34c21aa2d623cec547b8c69a540cc)] -> xpath: //select[@id='makes']]
2021-07-05 12:07:907 INFO  SearchPage :38 - Selecting Car Model[[ChromeDriver: chrome on WINDOWS (46a34c21aa2d623cec547b8c69a540cc)] -> xpath: //select[@id='models']]
2021-07-05 12:07:243 INFO  SearchPage :47 - Selecting Location of the Car[[ChromeDriver: chrome on WINDOWS (46a34c21aa2d623cec547b8c69a540cc)] -> xpath: //select[@id='locations']]
2021-07-05 12:07:412 INFO  SearchPage :42 - Selecting Car Price[[ChromeDriver: chrome on WINDOWS (46a34c21aa2d623cec547b8c69a540cc)] -> xpath: //select[@id='priceTo']]
2021-07-05 12:07:518 INFO  BasePage :34 - Launching Chrome Browser 
2021-07-05 12:07:664 INFO  Homepage :23 - Mouse hover on buy + sell[[ChromeDriver: chrome on WINDOWS (26d233b4d5c55497e2c9aa1f17e593a2)] -> xpath: //a[contains( text() , 'buy + sell')]]
2021-07-05 12:07:856 INFO  Homepage :27 - CLicking on Search Cars[[ChromeDriver: chrome on WINDOWS (26d233b4d5c55497e2c9aa1f17e593a2)] -> xpath: //a[contains( text() , 'Search Cars')]]
2021-07-05 12:07:979 INFO  Homepage :31 - Verify Search Page Text[[ChromeDriver: chrome on WINDOWS (26d233b4d5c55497e2c9aa1f17e593a2)] -> xpath: //h1[contains( text() , 'New & Used Car Search - carsguide')]]
2021-07-05 12:07:227 INFO  SearchPage :33 - Selecting Car Make[[ChromeDriver: chrome on WINDOWS (26d233b4d5c55497e2c9aa1f17e593a2)] -> xpath: //select[@id='makes']]
2021-07-05 12:07:478 INFO  SearchPage :38 - Selecting Car Model[[ChromeDriver: chrome on WINDOWS (26d233b4d5c55497e2c9aa1f17e593a2)] -> xpath: //select[@id='models']]
2021-07-05 12:07:678 INFO  SearchPage :47 - Selecting Location of the Car[[ChromeDriver: chrome on WINDOWS (26d233b4d5c55497e2c9aa1f17e593a2)] -> xpath: //select[@id='locations']]
2021-07-05 12:07:850 INFO  SearchPage :42 - Selecting Car Price[[ChromeDriver: chrome on WINDOWS (26d233b4d5c55497e2c9aa1f17e593a2)] -> xpath: //select[@id='priceTo']]
2021-07-05 12:07:211 INFO  BasePage :34 - Launching Chrome Browser 
2021-07-05 12:07:191 INFO  Homepage :23 - Mouse hover on buy + sell[[ChromeDriver: chrome on WINDOWS (8cf0ae0c497c523697812ff3f37e88c8)] -> xpath: //a[contains( text() , 'buy + sell')]]
2021-07-05 12:07:441 INFO  Homepage :27 - CLicking on Search Cars[[ChromeDriver: chrome on WINDOWS (8cf0ae0c497c523697812ff3f37e88c8)] -> xpath: //a[contains( text() , 'Search Cars')]]
2021-07-05 12:07:639 INFO  Homepage :31 - Verify Search Page Text[[ChromeDriver: chrome on WINDOWS (8cf0ae0c497c523697812ff3f37e88c8)] -> xpath: //h1[contains( text() , 'New & Used Car Search - carsguide')]]
2021-07-05 12:07:699 INFO  SearchPage :33 - Selecting Car Make[[ChromeDriver: chrome on WINDOWS (8cf0ae0c497c523697812ff3f37e88c8)] -> xpath: //select[@id='makes']]
2021-07-05 12:07:247 INFO  SearchPage :38 - Selecting Car Model[[ChromeDriver: chrome on WINDOWS (8cf0ae0c497c523697812ff3f37e88c8)] -> xpath: //select[@id='models']]
2021-07-05 12:07:905 INFO  SearchPage :47 - Selecting Location of the Car[[ChromeDriver: chrome on WINDOWS (8cf0ae0c497c523697812ff3f37e88c8)] -> xpath: //select[@id='locations']]
2021-07-05 12:07:81 INFO  SearchPage :42 - Selecting Car Price[[ChromeDriver: chrome on WINDOWS (8cf0ae0c497c523697812ff3f37e88c8)] -> xpath: //select[@id='priceTo']]
2021-07-05 12:07:281 INFO  SearchPage :51 - Clicking on Find my next car[[ChromeDriver: chrome on WINDOWS (8cf0ae0c497c523697812ff3f37e88c8)] -> xpath: //input[@id='search-submit']]
2021-07-05 12:07:140 INFO  SearchPage :55 - Verifying Car Make in results[[ChromeDriver: chrome on WINDOWS (8cf0ae0c497c523697812ff3f37e88c8)] -> xpath: //h1[@class='listing-search-title']]
2021-07-05 12:07:20 INFO  BasePage :34 - Launching Chrome Browser 
2021-07-05 12:07:94 INFO  Homepage :23 - Mouse hover on buy + sell[[ChromeDriver: chrome on WINDOWS (53990c0f63f4c1d3f8c1e6d3558b0742)] -> xpath: //a[contains( text() , 'buy + sell')]]
2021-07-05 12:07:354 INFO  Homepage :27 - CLicking on Search Cars[[ChromeDriver: chrome on WINDOWS (53990c0f63f4c1d3f8c1e6d3558b0742)] -> xpath: //a[contains( text() , 'Search Cars')]]
2021-07-05 12:07:497 INFO  Homepage :31 - Verify Search Page Text[[ChromeDriver: chrome on WINDOWS (53990c0f63f4c1d3f8c1e6d3558b0742)] -> xpath: //h1[contains( text() , 'New & Used Car Search - carsguide')]]
2021-07-05 12:07:547 INFO  SearchPage :33 - Selecting Car Make[[ChromeDriver: chrome on WINDOWS (53990c0f63f4c1d3f8c1e6d3558b0742)] -> xpath: //select[@id='makes']]
2021-07-05 12:07:735 INFO  SearchPage :38 - Selecting Car Model[[ChromeDriver: chrome on WINDOWS (53990c0f63f4c1d3f8c1e6d3558b0742)] -> xpath: //select[@id='models']]
2021-07-05 12:07:487 INFO  SearchPage :47 - Selecting Location of the Car[[ChromeDriver: chrome on WINDOWS (53990c0f63f4c1d3f8c1e6d3558b0742)] -> xpath: //select[@id='locations']]
2021-07-05 12:07:647 INFO  SearchPage :42 - Selecting Car Price[[ChromeDriver: chrome on WINDOWS (53990c0f63f4c1d3f8c1e6d3558b0742)] -> xpath: //select[@id='priceTo']]
2021-07-05 12:07:797 INFO  SearchPage :51 - Clicking on Find my next car[[ChromeDriver: chrome on WINDOWS (53990c0f63f4c1d3f8c1e6d3558b0742)] -> xpath: //input[@id='search-submit']]
2021-07-05 12:07:504 INFO  SearchPage :55 - Verifying Car Make in results[[ChromeDriver: chrome on WINDOWS (53990c0f63f4c1d3f8c1e6d3558b0742)] -> xpath: //h1[@class='listing-search-title']]
2021-07-05 12:07:458 INFO  BasePage :34 - Launching Chrome Browser 
2021-07-05 12:07:93 INFO  Homepage :23 - Mouse hover on buy + sell[[ChromeDriver: chrome on WINDOWS (3a1f9ea7fb71d60bb8a2bff33f702865)] -> xpath: //a[contains( text() , 'buy + sell')]]
2021-07-05 12:07:268 INFO  Homepage :27 - CLicking on Search Cars[[ChromeDriver: chrome on WINDOWS (3a1f9ea7fb71d60bb8a2bff33f702865)] -> xpath: //a[contains( text() , 'Search Cars')]]
2021-07-05 12:07:356 INFO  Homepage :31 - Verify Search Page Text[[ChromeDriver: chrome on WINDOWS (3a1f9ea7fb71d60bb8a2bff33f702865)] -> xpath: //h1[contains( text() , 'New & Used Car Search - carsguide')]]
2021-07-05 12:07:405 INFO  SearchPage :33 - Selecting Car Make[[ChromeDriver: chrome on WINDOWS (3a1f9ea7fb71d60bb8a2bff33f702865)] -> xpath: //select[@id='makes']]
2021-07-05 12:07:582 INFO  SearchPage :38 - Selecting Car Model[[ChromeDriver: chrome on WINDOWS (3a1f9ea7fb71d60bb8a2bff33f702865)] -> xpath: //select[@id='models']]
2021-07-05 12:07:810 INFO  SearchPage :47 - Selecting Location of the Car[[ChromeDriver: chrome on WINDOWS (3a1f9ea7fb71d60bb8a2bff33f702865)] -> xpath: //select[@id='locations']]
2021-07-05 12:07:161 INFO  SearchPage :42 - Selecting Car Price[[ChromeDriver: chrome on WINDOWS (3a1f9ea7fb71d60bb8a2bff33f702865)] -> xpath: //select[@id='priceTo']]
2021-07-05 12:07:355 INFO  SearchPage :51 - Clicking on Find my next car[[ChromeDriver: chrome on WINDOWS (3a1f9ea7fb71d60bb8a2bff33f702865)] -> xpath: //input[@id='search-submit']]
2021-07-05 12:07:902 INFO  SearchPage :55 - Verifying Car Make in results[[ChromeDriver: chrome on WINDOWS (3a1f9ea7fb71d60bb8a2bff33f702865)] -> xpath: //h1[@class='listing-search-title']]
2021-07-05 12:07:784 INFO  BasePage :34 - Launching Chrome Browser 
2021-07-05 12:07:966 INFO  Homepage :23 - Mouse hover on buy + sell[[ChromeDriver: chrome on WINDOWS (eb9e167059105786df110731354e1424)] -> xpath: //a[contains( text() , 'buy + sell')]]
2021-07-05 12:07:242 INFO  Homepage :27 - CLicking on Search Cars[[ChromeDriver: chrome on WINDOWS (eb9e167059105786df110731354e1424)] -> xpath: //a[contains( text() , 'Search Cars')]]
2021-07-05 12:07:810 INFO  Homepage :31 - Verify Search Page Text[[ChromeDriver: chrome on WINDOWS (eb9e167059105786df110731354e1424)] -> xpath: //h1[contains( text() , 'New & Used Car Search - carsguide')]]
2021-07-05 12:07:874 INFO  SearchPage :33 - Selecting Car Make[[ChromeDriver: chrome on WINDOWS (eb9e167059105786df110731354e1424)] -> xpath: //select[@id='makes']]
2021-07-05 12:07:154 INFO  SearchPage :38 - Selecting Car Model[[ChromeDriver: chrome on WINDOWS (eb9e167059105786df110731354e1424)] -> xpath: //select[@id='models']]
2021-07-05 12:07:402 INFO  SearchPage :47 - Selecting Location of the Car[[ChromeDriver: chrome on WINDOWS (eb9e167059105786df110731354e1424)] -> xpath: //select[@id='locations']]
2021-07-05 12:07:578 INFO  SearchPage :42 - Selecting Car Price[[ChromeDriver: chrome on WINDOWS (eb9e167059105786df110731354e1424)] -> xpath: //select[@id='priceTo']]
2021-07-05 12:07:728 INFO  SearchPage :51 - Clicking on Find my next car[[ChromeDriver: chrome on WINDOWS (eb9e167059105786df110731354e1424)] -> xpath: //input[@id='search-submit']]
2021-07-05 12:07:217 INFO  SearchPage :55 - Verifying Car Make in results[[ChromeDriver: chrome on WINDOWS (eb9e167059105786df110731354e1424)] -> xpath: //h1[@class='listing-search-title']]
2021-07-05 12:07:354 INFO  BasePage :34 - Launching Chrome Browser 
2021-07-05 12:07:326 INFO  Homepage :23 - Mouse hover on buy + sell[[ChromeDriver: chrome on WINDOWS (7685b2f7135d69f299b161f69a92818e)] -> xpath: //a[contains( text() , 'buy + sell')]]
2021-07-05 12:07:559 INFO  Homepage :27 - CLicking on Search Cars[[ChromeDriver: chrome on WINDOWS (7685b2f7135d69f299b161f69a92818e)] -> xpath: //a[contains( text() , 'Search Cars')]]
2021-07-05 12:07:847 INFO  Homepage :31 - Verify Search Page Text[[ChromeDriver: chrome on WINDOWS (7685b2f7135d69f299b161f69a92818e)] -> xpath: //h1[contains( text() , 'New & Used Car Search - carsguide')]]
2021-07-05 12:07:945 INFO  SearchPage :33 - Selecting Car Make[[ChromeDriver: chrome on WINDOWS (7685b2f7135d69f299b161f69a92818e)] -> xpath: //select[@id='makes']]
2021-07-05 12:07:340 INFO  SearchPage :38 - Selecting Car Model[[ChromeDriver: chrome on WINDOWS (7685b2f7135d69f299b161f69a92818e)] -> xpath: //select[@id='models']]
2021-07-05 12:07:819 INFO  SearchPage :47 - Selecting Location of the Car[[ChromeDriver: chrome on WINDOWS (7685b2f7135d69f299b161f69a92818e)] -> xpath: //select[@id='locations']]
2021-07-05 12:07:43 INFO  SearchPage :42 - Selecting Car Price[[ChromeDriver: chrome on WINDOWS (7685b2f7135d69f299b161f69a92818e)] -> xpath: //select[@id='priceTo']]
2021-07-05 12:07:195 INFO  SearchPage :51 - Clicking on Find my next car[[ChromeDriver: chrome on WINDOWS (7685b2f7135d69f299b161f69a92818e)] -> xpath: //input[@id='search-submit']]
2021-07-05 12:07:124 INFO  SearchPage :55 - Verifying Car Make in results[[ChromeDriver: chrome on WINDOWS (7685b2f7135d69f299b161f69a92818e)] -> xpath: //h1[@class='listing-search-title']]
2021-07-05 12:07:389 INFO  BasePage :34 - Launching Chrome Browser 
2021-07-05 12:07:494 INFO  Homepage :23 - Mouse hover on buy + sell[[ChromeDriver: chrome on WINDOWS (ec6afb5b0c94788d968e8810db994c7e)] -> xpath: //a[contains( text() , 'buy + sell')]]
2021-07-05 12:07:710 INFO  Homepage :27 - CLicking on Search Cars[[ChromeDriver: chrome on WINDOWS (ec6afb5b0c94788d968e8810db994c7e)] -> xpath: //a[contains( text() , 'Search Cars')]]
2021-07-05 12:07:560 INFO  Homepage :31 - Verify Search Page Text[[ChromeDriver: chrome on WINDOWS (ec6afb5b0c94788d968e8810db994c7e)] -> xpath: //h1[contains( text() , 'New & Used Car Search - carsguide')]]
2021-07-05 12:07:607 INFO  SearchPage :33 - Selecting Car Make[[ChromeDriver: chrome on WINDOWS (ec6afb5b0c94788d968e8810db994c7e)] -> xpath: //select[@id='makes']]
2021-07-05 12:07:887 INFO  SearchPage :38 - Selecting Car Model[[ChromeDriver: chrome on WINDOWS (ec6afb5b0c94788d968e8810db994c7e)] -> xpath: //select[@id='models']]
2021-07-05 12:07:79 INFO  SearchPage :47 - Selecting Location of the Car[[ChromeDriver: chrome on WINDOWS (ec6afb5b0c94788d968e8810db994c7e)] -> xpath: //select[@id='locations']]
2021-07-05 12:07:263 INFO  SearchPage :42 - Selecting Car Price[[ChromeDriver: chrome on WINDOWS (ec6afb5b0c94788d968e8810db994c7e)] -> xpath: //select[@id='priceTo']]
2021-07-05 12:07:423 INFO  SearchPage :51 - Clicking on Find my next car[[ChromeDriver: chrome on WINDOWS (ec6afb5b0c94788d968e8810db994c7e)] -> xpath: //input[@id='search-submit']]
2021-07-05 12:07:326 INFO  SearchPage :55 - Verifying Car Make in results[[ChromeDriver: chrome on WINDOWS (ec6afb5b0c94788d968e8810db994c7e)] -> xpath: //h1[@class='listing-search-title']]
